<?xml version="1.0" encoding="UTF-8" ?>
<testsuite tests="6" failures="1" name="com.stackroute.keepnote.test.NoteDAOImplTest" time="0.422" errors="0" skipped="0">
  <properties>
[...]
</properties>
  <testcase classname="com.stackroute.keepnote.test.NoteDAOImplTest" name="testDeleteNoteSuccess" time="0.337"/>
  <testcase classname="com.stackroute.keepnote.test.NoteDAOImplTest" name="testGetNoteById" time="0.015"/>
  <testcase classname="com.stackroute.keepnote.test.NoteDAOImplTest" name="testGetAllNotes" time="0.023"/>
  <testcase classname="com.stackroute.keepnote.test.NoteDAOImplTest" name="testUpdateNote" time="0.021">
    <failure message="expected:&lt;Unit test[ing for DAO layer]&gt; but was:&lt;Unit test[ for DAO]&gt;" type="org.junit.ComparisonFailure">org.junit.ComparisonFailure: expected:&lt;Unit test[ing for DAO layer]&gt; but was:&lt;Unit test[ for DAO]&gt;
	at org.junit.Assert.assertEquals(Assert.java:115)
	at org.junit.Assert.assertEquals(Assert.java:144)
	at com.stackroute.keepnote.test.NoteDAOImplTest.testUpdateNote(NoteDAOImplTest.java:101)
	at sun.reflect.NativeMethodAccessorImpl.invoke0(Native Method)
	at sun.reflect.NativeMethodAccessorImpl.invoke(NativeMethodAccessorImpl.java:62)
	at sun.reflect.DelegatingMethodAccessorImpl.invoke(DelegatingMethodAccessorImpl.java:43)
	at java.lang.reflect.Method.invoke(Method.java:498)
	at org.junit.runners.model.FrameworkMethod$1.runReflectiveCall(FrameworkMethod.java:50)
	at org.junit.internal.runners.model.ReflectiveCallable.run(ReflectiveCallable.java:12)
	at org.junit.runners.model.FrameworkMethod.invokeExplosively(FrameworkMethod.java:47)
	at org.junit.internal.runners.statements.InvokeMethod.evaluate(InvokeMethod.java:17)
	at org.springframework.test.context.junit4.statements.RunBeforeTestExecutionCallbacks.evaluate(RunBeforeTestExecutionCallbacks.java:73)
	at org.springframework.test.context.junit4.statements.RunAfterTestExecutionCallbacks.evaluate(RunAfterTestExecutionCallbacks.java:83)
	at org.junit.internal.runners.statements.RunBefores.evaluate(RunBefores.java:26)
	at org.springframework.test.context.junit4.statements.RunBeforeTestMethodCallbacks.evaluate(RunBeforeTestMethodCallbacks.java:75)
	at org.junit.internal.runners.statements.RunAfters.evaluate(RunAfters.java:27)
	at org.springframework.test.context.junit4.statements.RunAfterTestMethodCallbacks.evaluate(RunAfterTestMethodCallbacks.java:86)
	at org.springframework.test.context.junit4.statements.SpringRepeat.evaluate(SpringRepeat.java:84)
	at org.junit.runners.ParentRunner.runLeaf(ParentRunner.java:325)
	at org.springframework.test.context.junit4.SpringJUnit4ClassRunner.runChild(SpringJUnit4ClassRunner.java:251)
	at org.springframework.test.context.junit4.SpringJUnit4ClassRunner.runChild(SpringJUnit4ClassRunner.java:97)
	at org.junit.runners.ParentRunner$3.run(ParentRunner.java:290)
	at org.junit.runners.ParentRunner$1.schedule(ParentRunner.java:71)
	at org.junit.runners.ParentRunner.runChildren(ParentRunner.java:288)
	at org.junit.runners.ParentRunner.access$000(ParentRunner.java:58)
	at org.junit.runners.ParentRunner$2.evaluate(ParentRunner.java:268)
	at org.springframework.test.context.junit4.statements.RunBeforeTestClassCallbacks.evaluate(RunBeforeTestClassCallbacks.java:61)
	at org.springframework.test.context.junit4.statements.RunAfterTestClassCallbacks.evaluate(RunAfterTestClassCallbacks.java:70)
	at org.junit.runners.ParentRunner.run(ParentRunner.java:363)
	at org.springframework.test.context.junit4.SpringJUnit4ClassRunner.run(SpringJUnit4ClassRunner.java:190)
	at org.apache.maven.surefire.junit4.JUnit4Provider.execute(JUnit4Provider.java:252)
	at org.apache.maven.surefire.junit4.JUnit4Provider.executeTestSet(JUnit4Provider.java:141)
	at org.apache.maven.surefire.junit4.JUnit4Provider.invoke(JUnit4Provider.java:112)
	at sun.reflect.NativeMethodAccessorImpl.invoke0(Native Method)
	at sun.reflect.NativeMethodAccessorImpl.invoke(NativeMethodAccessorImpl.java:62)
	at sun.reflect.DelegatingMethodAccessorImpl.invoke(DelegatingMethodAccessorImpl.java:43)
	at java.lang.reflect.Method.invoke(Method.java:498)
	at org.apache.maven.surefire.util.ReflectionUtils.invokeMethodWithArray(ReflectionUtils.java:189)
	at org.apache.maven.surefire.booter.ProviderFactory$ProviderProxy.invoke(ProviderFactory.java:165)
	at org.apache.maven.surefire.booter.ProviderFactory.invokeProvider(ProviderFactory.java:85)
	at org.apache.maven.surefire.booter.ForkedBooter.runSuitesInProcess(ForkedBooter.java:115)
	at org.apache.maven.surefire.booter.ForkedBooter.main(ForkedBooter.java:75)
</failure>
    <system-out>Hibernate: insert into Note (createdAt, noteContent, noteStatus, noteTitle, noteId) values (?, ?, ?, ?, ?)
Hibernate: select note0_.noteId as noteId1_0_, note0_.createdAt as createdA2_0_, note0_.noteContent as noteCont3_0_, note0_.noteStatus as noteStat4_0_, note0_.noteTitle as noteTitl5_0_ from Note note0_ where note0_.noteId=?
Hibernate: select note0_.noteId as noteId1_0_, note0_.createdAt as createdA2_0_, note0_.noteContent as noteCont3_0_, note0_.noteStatus as noteStat4_0_, note0_.noteTitle as noteTitl5_0_ from Note note0_ where note0_.noteId=?
Hibernate: delete from Note
</system-out>
    <system-err>Jul 31, 2018 10:09:04 AM org.springframework.test.context.transaction.TransactionContext startTransaction
INFO: Began transaction (1) for test context [DefaultTestContext@a7f0ab6 testClass = NoteDAOImplTest, testInstance = com.stackroute.keepnote.test.NoteDAOImplTest@6345e7b9, testMethod = testUpdateNote@NoteDAOImplTest, testException = [null], mergedContextConfiguration = [MergedContextConfiguration@42c2f48c testClass = NoteDAOImplTest, locations = &apos;{}&apos;, classes = &apos;{class com.stackroute.keepnote.config.ApplicationContextConfig}&apos;, contextInitializerClasses = &apos;[]&apos;, activeProfiles = &apos;{}&apos;, propertySourceLocations = &apos;{}&apos;, propertySourceProperties = &apos;{}&apos;, contextCustomizers = set[[empty]], contextLoader = &apos;org.springframework.test.context.support.DelegatingSmartContextLoader&apos;, parent = [null]], attributes = map[[empty]]]; transaction manager [org.springframework.orm.hibernate5.HibernateTransactionManager@6b7d1df8]; rollback [true]
Jul 31, 2018 10:09:04 AM org.springframework.test.context.transaction.TransactionContext endTransaction
INFO: Rolled back transaction for test context [DefaultTestContext@a7f0ab6 testClass = NoteDAOImplTest, testInstance = com.stackroute.keepnote.test.NoteDAOImplTest@6345e7b9, testMethod = testUpdateNote@NoteDAOImplTest, testException = org.junit.ComparisonFailure: expected:&lt;Unit test[ing for DAO layer]&gt; but was:&lt;Unit test[ for DAO]&gt;, mergedContextConfiguration = [MergedContextConfiguration@42c2f48c testClass = NoteDAOImplTest, locations = &apos;{}&apos;, classes = &apos;{class com.stackroute.keepnote.config.ApplicationContextConfig}&apos;, contextInitializerClasses = &apos;[]&apos;, activeProfiles = &apos;{}&apos;, propertySourceLocations = &apos;{}&apos;, propertySourceProperties = &apos;{}&apos;, contextCustomizers = set[[empty]], contextLoader = &apos;org.springframework.test.context.support.DelegatingSmartContextLoader&apos;, parent = [null]], attributes = map[[empty]]].
</system-err>
  </testcase>
  <testcase classname="com.stackroute.keepnote.test.NoteDAOImplTest" name="testSaveNoteSuccess" time="0.014"/>
  <testcase classname="com.stackroute.keepnote.test.NoteDAOImplTest" name="testSaveNoteFailure" time="0.012"/>
</testsuite>